<?xml version="1.0" encoding="windows-1252" standalone="no"?>
<!DOCTYPE log SYSTEM "logger.dtd">
<log>
<record>
  <date>2018-12-07T15:51:40</date>
  <millis>1544190700752</millis>
  <sequence>6</sequence>
  <logger>ESPlorer.ESPlorer</logger>
  <level>INFO</level>
  <class>ESPlorer.ESPlorer</class>
  <method>log</method>
  <thread>16</thread>
  <message>Load saved settings: Firmware:NodeMCU</message>
</record>
<record>
  <date>2018-12-07T15:51:40</date>
  <millis>1544190700760</millis>
  <sequence>7</sequence>
  <logger>ESPlorer.ESPlorer</logger>
  <level>INFO</level>
  <class>ESPlorer.ESPlorer</class>
  <method>log</method>
  <thread>16</thread>
  <message>Snippets: loading...</message>
</record>
<record>
  <date>2018-12-07T15:51:40</date>
  <millis>1544190700795</millis>
  <sequence>8</sequence>
  <logger>ESPlorer.ESPlorer</logger>
  <level>INFO</level>
  <class>ESPlorer.ESPlorer</class>
  <method>log</method>
  <thread>16</thread>
  <message>Snippets load: Success.</message>
</record>
<record>
  <date>2018-12-07T15:51:40</date>
  <millis>1544190700900</millis>
  <sequence>9</sequence>
  <logger>ESPlorer.ESPlorer</logger>
  <level>INFO</level>
  <class>ESPlorer.ESPlorer</class>
  <method>log</method>
  <thread>16</thread>
  <message>Set new color theme: Success.</message>
</record>
<record>
  <date>2018-12-07T15:51:40</date>
  <millis>1544190700905</millis>
  <sequence>10</sequence>
  <logger>ESPlorer.ESPlorer</logger>
  <level>INFO</level>
  <class>ESPlorer.ESPlorer</class>
  <method>log</method>
  <thread>16</thread>
  <message>Load saved settings: DONE.</message>
</record>
<record>
  <date>2018-12-07T15:51:40</date>
  <millis>1544190700907</millis>
  <sequence>11</sequence>
  <logger>ESPlorer.ESPlorer</logger>
  <level>INFO</level>
  <class>ESPlorer.ESPlorer</class>
  <method>log</method>
  <thread>16</thread>
  <message>Snippets: loading...</message>
</record>
<record>
  <date>2018-12-07T15:51:40</date>
  <millis>1544190700910</millis>
  <sequence>12</sequence>
  <logger>ESPlorer.ESPlorer</logger>
  <level>INFO</level>
  <class>ESPlorer.ESPlorer</class>
  <method>log</method>
  <thread>16</thread>
  <message>Snippets load: Success.</message>
</record>
<record>
  <date>2018-12-07T15:51:41</date>
  <millis>1544190701126</millis>
  <sequence>13</sequence>
  <logger>ESPlorer.ESPlorer</logger>
  <level>INFO</level>
  <class>ESPlorer.ESPlorer</class>
  <method>log</method>
  <thread>16</thread>
  <message>Scan system...</message>
</record>
<record>
  <date>2018-12-07T15:51:41</date>
  <millis>1544190701144</millis>
  <sequence>14</sequence>
  <logger>ESPlorer.ESPlorer</logger>
  <level>INFO</level>
  <class>ESPlorer.ESPlorer</class>
  <method>log</method>
  <thread>16</thread>
  <message>Could not find any serial port. Please, connect device and ReScan</message>
</record>
<record>
  <date>2018-12-07T15:51:41</date>
  <millis>1544190701146</millis>
  <sequence>15</sequence>
  <logger>ESPlorer.ESPlorer</logger>
  <level>INFO</level>
  <class>ESPlorer.ESPlorer</class>
  <method>log</method>
  <thread>16</thread>
  <message>Scan done.</message>
</record>
<record>
  <date>2018-12-07T16:33:51</date>
  <millis>1544193231451</millis>
  <sequence>16</sequence>
  <logger>ESPlorer.ESPlorer</logger>
  <level>INFO</level>
  <class>ESPlorer.ESPlorer</class>
  <method>log</method>
  <thread>16</thread>
  <message>FileTab cleared: Success.</message>
</record>
<record>
  <date>2018-12-07T16:33:51</date>
  <millis>1544193231453</millis>
  <sequence>17</sequence>
  <logger>ESPlorer.ESPlorer</logger>
  <level>INFO</level>
  <class>ESPlorer.ESPlorer</class>
  <method>log</method>
  <thread>16</thread>
  <message>File close: Success.</message>
</record>
</log>
